<?xml version="1.0" encoding="utf-8"?><testsuites name="pytest tests"><testsuite name="pytest" errors="0" failures="0" skipped="0" tests="49" time="81.345" timestamp="2026-06-27T18:21:31.371531+00:00" hostname="ubuntu1"><testcase classname="apps.api.tests.ProtectedViewUnauthenticatedTest" name="test_post_unauthenticated_returns_401_or_405" time="2.081" /><testcase classname="apps.api.tests.ProtectedViewUnauthenticatedTest" name="test_unauthenticated_returns_401" time="0.310" /><testcase classname="apps.api.tests.ProtectedViewAuthenticatedTest" name="test_authenticated_returns_200" time="5.504" /><testcase classname="apps.api.tests.ProtectedViewAuthenticatedTest" name="test_delete_method_not_allowed" time="5.309" /><testcase classname="apps.api.tests.ProtectedViewAuthenticatedTest" name="test_only_get_method_allowed" time="5.639" /><testcase classname="apps.api.tests.ProtectedViewAuthenticatedTest" name="test_put_method_not_allowed" time="5.767" /><testcase classname="apps.api.tests.ProtectedViewAuthenticatedTest" name="test_response_contains_message_key" time="5.643" /><testcase classname="apps.api.tests.ProtectedViewAuthenticatedTest" name="test_response_contains_user_key" time="5.945" /><testcase classname="apps.api.tests.ProtectedViewAuthenticatedTest" name="test_response_message_is_authenticated" time="5.367" /><testcase classname="apps.api.tests.ProtectedViewAuthenticatedTest" name="test_response_user_matches_logged_in_user" time="5.170" /><testcase classname="apps.api.tests.ProtectedViewAdminUserTest" name="test_admin_authenticated_returns_200" time="5.177" /><testcase classname="apps.api.tests.ProtectedViewAdminUserTest" name="test_admin_response_user_matches" time="5.162" /><testcase classname="apps.core.tests.test_models.HomeViewTest" name="test_home_contains_api_link" time="0.538" /><testcase classname="apps.core.tests.test_models.HomeViewTest" name="test_home_contains_expected_heading" time="0.296" /><testcase classname="apps.core.tests.test_models.HomeViewTest" name="test_home_contains_health_link" time="0.243" /><testcase classname="apps.core.tests.test_models.HomeViewTest" name="test_home_content_type_is_html" time="0.241" /><testcase classname="apps.core.tests.test_models.HomeViewTest" name="test_home_html_structure" time="0.320" /><testcase classname="apps.core.tests.test_models.HomeViewTest" name="test_home_is_accessible_without_auth" time="0.329" /><testcase classname="apps.core.tests.test_models.HomeViewTest" name="test_home_post_not_allowed" time="0.320" /><testcase classname="apps.core.tests.test_models.HomeViewTest" name="test_home_returns_200" time="0.296" /><testcase classname="apps.core.tests.test_models.TenantMiddlewareWithHealthCheckTest" name="test_health_path_returns_none" time="0.135" /><testcase classname="apps.core.tests.test_models.TenantMiddlewareWithHealthCheckTest" name="test_health_sub_path_returns_none" time="0.050" /><testcase classname="apps.monitoring.tests.test_models.HealthCheckViewTest" name="test_cache_check_present" time="0.392" /><testcase classname="apps.monitoring.tests.test_models.HealthCheckViewTest" name="test_cache_failure_status_degraded" time="0.385" /><testcase classname="apps.monitoring.tests.test_models.HealthCheckViewTest" name="test_cache_failure_still_returns_200" time="0.280" /><testcase classname="apps.monitoring.tests.test_models.HealthCheckViewTest" name="test_cache_unexpected_value_is_degraded" time="0.229" /><testcase classname="apps.monitoring.tests.test_models.HealthCheckViewTest" name="test_database_check_present" time="0.370" /><testcase classname="apps.monitoring.tests.test_models.HealthCheckViewTest" name="test_db_failure_check_reports_unhealthy" time="0.337" /><testcase classname="apps.monitoring.tests.test_models.HealthCheckViewTest" name="test_db_failure_returns_503" time="0.334" /><testcase classname="apps.monitoring.tests.test_models.HealthCheckViewTest" name="test_db_failure_status_unhealthy" time="0.304" /><testcase classname="apps.monitoring.tests.test_models.HealthCheckViewTest" name="test_healthy_returns_200" time="0.329" /><testcase classname="apps.monitoring.tests.test_models.HealthCheckViewTest" name="test_healthy_status_string" time="0.305" /><testcase classname="apps.monitoring.tests.test_models.HealthCheckViewTest" name="test_response_has_checks_key" time="0.361" /><testcase classname="apps.monitoring.tests.test_models.HealthCheckViewTest" name="test_response_has_status_key" time="0.369" /><testcase classname="apps.monitoring.tests.test_models.HealthCheckViewTest" name="test_response_has_timestamp_key" time="0.321" /><testcase classname="apps.monitoring.tests.test_models.HealthCheckViewTest" name="test_response_has_version_key" time="0.263" /><testcase classname="apps.monitoring.tests.test_models.HealthCheckViewTest" name="test_response_is_json" time="0.330" /><testcase classname="apps.monitoring.tests.test_models.HealthCheckViewTest" name="test_version_value" time="0.303" /><testcase classname="apps.monitoring.tests.test_models.PingViewTest" name="test_ping_response_json" time="0.395" /><testcase classname="apps.monitoring.tests.test_models.PingViewTest" name="test_ping_returns_200" time="0.302" /><testcase classname="apps.monitoring.tests.test_models.PingViewTest" name="test_ping_status_ok" time="0.324" /><testcase classname="apps.monitoring.tests.test_models.PingViewTest" name="test_ping_works_even_when_db_is_down" time="0.296" /><testcase classname="apps.monitoring.tests.test_models.DbMetricsViewTest" name="test_db_metrics_failure_payload" time="0.436" /><testcase classname="apps.monitoring.tests.test_models.DbMetricsViewTest" name="test_db_metrics_failure_returns_500" time="0.356" /><testcase classname="apps.monitoring.tests.test_models.DbMetricsViewTest" name="test_db_metrics_healthy_payload" time="0.393" /><testcase classname="apps.monitoring.tests.test_models.DbMetricsViewTest" name="test_db_metrics_healthy_returns_200" time="0.385" /><testcase classname="apps.monitoring.tests.test_models.ServerMetricsViewTest" name="test_unauthenticated_returns_401" time="11.849" /><testcase classname="apps.tenants.tests.TenantsAppConfigTest" name="test_app_config_name" time="0.140" /><testcase classname="apps.tenants.tests.TenantsAppConfigTest" name="test_app_is_in_installed_apps" time="0.049" /></testsuite></testsuites>
