<?xml version="1.0" encoding="utf-8"?><testsuites name="pytest tests"><testsuite name="pytest" errors="0" failures="2" skipped="0" tests="51" time="235.974" timestamp="2026-05-19T10:50:41.852972+00:00" hostname="ubuntu1"><testcase classname="apps.api.tests.ProtectedViewUnauthenticatedTest" name="test_post_unauthenticated_returns_401_or_405" time="9.736" /><testcase classname="apps.api.tests.ProtectedViewUnauthenticatedTest" name="test_unauthenticated_returns_401" time="3.244" /><testcase classname="apps.api.tests.ProtectedViewAuthenticatedTest" name="test_authenticated_returns_200" time="8.303" /><testcase classname="apps.api.tests.ProtectedViewAuthenticatedTest" name="test_delete_method_not_allowed" time="5.576" /><testcase classname="apps.api.tests.ProtectedViewAuthenticatedTest" name="test_only_get_method_allowed" time="5.391" /><testcase classname="apps.api.tests.ProtectedViewAuthenticatedTest" name="test_put_method_not_allowed" time="5.381" /><testcase classname="apps.api.tests.ProtectedViewAuthenticatedTest" name="test_response_contains_message_key" time="5.483" /><testcase classname="apps.api.tests.ProtectedViewAuthenticatedTest" name="test_response_contains_user_key" time="5.732" /><testcase classname="apps.api.tests.ProtectedViewAuthenticatedTest" name="test_response_message_is_authenticated" time="5.861" /><testcase classname="apps.api.tests.ProtectedViewAuthenticatedTest" name="test_response_user_matches_logged_in_user" time="5.638" /><testcase classname="apps.api.tests.ProtectedViewAdminUserTest" name="test_admin_authenticated_returns_200" time="9.029" /><testcase classname="apps.api.tests.ProtectedViewAdminUserTest" name="test_admin_response_user_matches" time="5.999" /><testcase classname="apps.core.tests.HomeViewTest" name="test_home_contains_api_link" time="4.918" /><testcase classname="apps.core.tests.HomeViewTest" name="test_home_contains_expected_heading" time="2.992" /><testcase classname="apps.core.tests.HomeViewTest" name="test_home_contains_health_link" time="2.947" /><testcase classname="apps.core.tests.HomeViewTest" name="test_home_content_type_is_html" time="2.825" /><testcase classname="apps.core.tests.HomeViewTest" name="test_home_html_structure" time="2.814" /><testcase classname="apps.core.tests.HomeViewTest" name="test_home_is_accessible_without_auth" time="3.076" /><testcase classname="apps.core.tests.HomeViewTest" name="test_home_post_not_allowed" time="2.974" /><testcase classname="apps.core.tests.HomeViewTest" name="test_home_returns_200" time="3.040" /><testcase classname="apps.core.tests.TenantMiddlewareWithHealthCheckTest" name="test_health_path_returns_none" time="4.130" /><testcase classname="apps.core.tests.TenantMiddlewareWithHealthCheckTest" name="test_health_sub_path_returns_none" time="2.488" /><testcase classname="apps.monitoring.tests.HealthCheckViewTest" name="test_cache_check_present" time="5.927" /><testcase classname="apps.monitoring.tests.HealthCheckViewTest" name="test_cache_failure_status_degraded" time="3.520" /><testcase classname="apps.monitoring.tests.HealthCheckViewTest" name="test_cache_failure_still_returns_200" time="3.407" /><testcase classname="apps.monitoring.tests.HealthCheckViewTest" name="test_cache_unexpected_value_is_degraded" time="3.567" /><testcase classname="apps.monitoring.tests.HealthCheckViewTest" name="test_database_check_present" time="3.973" /><testcase classname="apps.monitoring.tests.HealthCheckViewTest" name="test_db_failure_check_reports_unhealthy" time="3.501" /><testcase classname="apps.monitoring.tests.HealthCheckViewTest" name="test_db_failure_returns_503" time="3.440" /><testcase classname="apps.monitoring.tests.HealthCheckViewTest" name="test_db_failure_status_unhealthy" time="3.584" /><testcase classname="apps.monitoring.tests.HealthCheckViewTest" name="test_healthy_returns_200" time="3.918" /><testcase classname="apps.monitoring.tests.HealthCheckViewTest" name="test_healthy_status_string" time="4.114" /><testcase classname="apps.monitoring.tests.HealthCheckViewTest" name="test_response_has_checks_key" time="3.968" /><testcase classname="apps.monitoring.tests.HealthCheckViewTest" name="test_response_has_status_key" time="3.885" /><testcase classname="apps.monitoring.tests.HealthCheckViewTest" name="test_response_has_timestamp_key" time="3.925" /><testcase classname="apps.monitoring.tests.HealthCheckViewTest" name="test_response_has_version_key" time="3.952" /><testcase classname="apps.monitoring.tests.HealthCheckViewTest" name="test_response_is_json" time="3.943" /><testcase classname="apps.monitoring.tests.HealthCheckViewTest" name="test_version_value" time="4.156" /><testcase classname="apps.monitoring.tests.PingViewTest" name="test_ping_response_json" time="4.825" /><testcase classname="apps.monitoring.tests.PingViewTest" name="test_ping_returns_200" time="2.679" /><testcase classname="apps.monitoring.tests.PingViewTest" name="test_ping_status_ok" time="2.694" /><testcase classname="apps.monitoring.tests.PingViewTest" name="test_ping_works_even_when_db_is_down" time="2.884" /><testcase classname="apps.monitoring.tests.DbMetricsViewTest" name="test_db_metrics_failure_payload" time="4.655" /><testcase classname="apps.monitoring.tests.DbMetricsViewTest" name="test_db_metrics_failure_returns_500" time="2.852" /><testcase classname="apps.monitoring.tests.DbMetricsViewTest" name="test_db_metrics_healthy_payload" time="3.237" /><testcase classname="apps.monitoring.tests.DbMetricsViewTest" name="test_db_metrics_healthy_returns_200" time="3.521" /><testcase classname="apps.monitoring.tests.ServerMetricsViewTest" name="test_admin_can_access" time="12.495"><failure message="AssertionError: 401 != 200">monitoring/tests.py:184: in test_admin_can_access
    self.assertEqual(response.status_code, 200)
E   AssertionError: 401 != 200</failure></testcase><testcase classname="apps.monitoring.tests.ServerMetricsViewTest" name="test_non_admin_returns_403" time="10.338"><failure message="AssertionError: 401 != 403">monitoring/tests.py:179: in test_non_admin_returns_403
    self.assertEqual(response.status_code, 403)
E   AssertionError: 401 != 403</failure></testcase><testcase classname="apps.monitoring.tests.ServerMetricsViewTest" name="test_unauthenticated_returns_401" time="7.233" /><testcase classname="apps.tenants.tests.TenantsAppConfigTest" name="test_app_config_name" time="4.147" /><testcase classname="apps.tenants.tests.TenantsAppConfigTest" name="test_app_is_in_installed_apps" time="2.574" /></testsuite></testsuites>
